<?xml version="1.0" encoding="UTF-8"?>
<!-- Generated by org.testng.reporters.JUnitReportReporter -->
<testsuite hostname="ManasPC" failures="0" tests="3" name="CovidData.HospitalData" time="165.184" errors="0" timestamp="2023-03-03T21:40:11 CST" skipped="0">
  <testcase classname="CovidData.HospitalData" name="LoadPage" time="5.546"/>
  <system-out/>
  <testcase classname="CovidData.HospitalData" name="LoadAllData" time="15.563"/>
  <system-out/>
  <testcase classname="CovidData.HospitalData" name="DisplayData" time="144.075"/>
  <system-out/>
</testsuite> <!-- CovidData.HospitalData -->
