<?xml version="1.0" encoding="UTF-8"?>
<!-- Generated by org.testng.reporters.JUnitReportReporter -->
<testsuite hostname="ManasPC" failures="0" tests="1" name="Login.Login" time="42.693" errors="0" timestamp="2023-03-01T20:01:59 CST" skipped="0">
  <testcase classname="Login.Login" name="LoginToWebsite" time="42.693"/>
  <system-out/>
</testsuite> <!-- Login.Login -->
